<?xml version="1.0" encoding="UTF-8"?>
<!-- Generated by org.testng.reporters.JUnitXMLReporter -->
<testsuite ignored="0" hostname="DESKTOP-K2DT254" failures="1" tests="3" name="Linux-Chrome" time="49.156" errors="0" timestamp="2024-11-05T21:09:17 IST">
  <testcase classname="day46Listeners.OrangeHRM" name="testLogo" time="0.176"/>
  <testcase classname="day46Listeners.OrangeHRM" name="testURL" time="0.012">
    <failure type="java.lang.AssertionError" message="expected [https://opensource-demo.orangehrmlive.com/] but found [https://opensource-demo.orangehrmlive.com/web/index.php/auth/login]">
      <![CDATA[java.lang.AssertionError: expected [https://opensource-demo.orangehrmlive.com/] but found [https://opensource-demo.orangehrmlive.com/web/index.php/auth/login]
at day46Listeners.OrangeHRM.testURL(OrangeHRM.java:44)
at java.base/java.util.ArrayList.forEach(ArrayList.java:1511)
... Removed 33 stack frames]]>
    </failure>
  </testcase> <!-- testURL -->
  <testcase classname="day46Listeners.OrangeHRM" name="testTitle" time="0.0">
    <skipped/>
  </testcase> <!-- testTitle -->
</testsuite> <!-- Linux-Chrome -->
